This is pdfTeX, Version 3.14159265-2.6-1.40.21 (MiKTeX 20.7) (preloaded format=pdflatex 2020.9.27)  5 NOV 2020 11:15
entering extended mode
**./ActaFundacional.tex
(ActaFundacional.tex
LaTeX2e <2020-02-02> patch level 5
L3 programming layer <2020-09-03> (D:\MikText\tex/latex/base\article.cls
Document Class: article 2019/12/20 v1.4l Standard LaTeX document class
(D:\MikText\tex/latex/base\size10.clo
File: size10.clo 2019/12/20 v1.4l Standard LaTeX file (size option)
)
\c@part=\count168
\c@section=\count169
\c@subsection=\count170
\c@subsubsection=\count171
\c@paragraph=\count172
\c@subparagraph=\count173
\c@figure=\count174
\c@table=\count175
\abovecaptionskip=\skip47
\belowcaptionskip=\skip48
\bibindent=\dimen134
)
(D:\MikText\tex/latex/graphics\graphicx.sty
Package: graphicx 2019/11/30 v1.2a Enhanced LaTeX Graphics (DPC,SPQR)

(D:\MikText\tex/latex/graphics\keyval.sty
Package: keyval 2014/10/28 v1.15 key=value parser (DPC)
\KV@toks@=\toks15
)
(D:\MikText\tex/latex/graphics\graphics.sty
Package: graphics 2019/11/30 v1.4a Standard LaTeX Graphics (DPC,SPQR)

(D:\MikText\tex/latex/graphics\trig.sty
Package: trig 2016/01/03 v1.10 sin cos tan (DPC)
)
(D:\MikText\tex/latex/graphics-cfg\graphics.cfg
File: graphics.cfg 2016/06/04 v1.11 sample graphics configuration
)
Package graphics Info: Driver file: pdftex.def on input line 105.

(D:\MikText\tex/latex/graphics-def\pdftex.def
File: pdftex.def 2020/08/26 v1.2 Graphics/color driver for pdftex
))
\Gin@req@height=\dimen135
\Gin@req@width=\dimen136
)
(D:\MikText\tex/latex/l3backend\l3backend-pdftex.def
File: l3backend-pdftex.def 2020-09-01 L3 backend support: PDF output (pdfTeX)
\l__kernel_color_stack_int=\count176
\l__pdf_internal_box=\box45
) (ActaFundacional.aux)
\openout1 = `ActaFundacional.aux'.

LaTeX Font Info:    Checking defaults for OML/cmm/m/it on input line 8.
LaTeX Font Info:    ... okay on input line 8.
LaTeX Font Info:    Checking defaults for OMS/cmsy/m/n on input line 8.
LaTeX Font Info:    ... okay on input line 8.
LaTeX Font Info:    Checking defaults for OT1/cmr/m/n on input line 8.
LaTeX Font Info:    ... okay on input line 8.
LaTeX Font Info:    Checking defaults for T1/cmr/m/n on input line 8.
LaTeX Font Info:    ... okay on input line 8.
LaTeX Font Info:    Checking defaults for TS1/cmr/m/n on input line 8.
LaTeX Font Info:    ... okay on input line 8.
LaTeX Font Info:    Checking defaults for OMX/cmex/m/n on input line 8.
LaTeX Font Info:    ... okay on input line 8.
LaTeX Font Info:    Checking defaults for U/cmr/m/n on input line 8.
LaTeX Font Info:    ... okay on input line 8.

(D:\MikText\tex/context/base/mkii\supp-pdf.mkii
[Loading MPS to PDF converter (version 2006.09.02).]
\scratchcounter=\count177
\scratchdimen=\dimen137
\scratchbox=\box46
\nofMPsegments=\count178
\nofMParguments=\count179
\everyMPshowfont=\toks16
\MPscratchCnt=\count180
\MPscratchDim=\dimen138
\MPnumerator=\count181
\makeMPintoPDFobject=\count182
\everyMPtoPDFconversion=\toks17
) (D:\MikText\tex/latex/epstopdf-pkg\epstopdf-base.sty
Package: epstopdf-base 2020-01-24 v2.11 Base part for package epstopdf
Package epstopdf-base Info: Redefining graphics rule for `.eps' on input line 4
85.
)
LaTeX Font Info:    External font `cmex10' loaded for size
(Font)              <12> on input line 10.
LaTeX Font Info:    External font `cmex10' loaded for size
(Font)              <8> on input line 10.
LaTeX Font Info:    External font `cmex10' loaded for size
(Font)              <6> on input line 10.


LaTeX Warning: No \author given.

[1

{C:/Users/enri8/AppData/Local/MiKTeX/pdftex/config/pdftex.map}] [2

] [3

]
LaTeX Font Info:    External font `cmex10' loaded for size
(Font)              <7> on input line 108.
LaTeX Font Info:    External font `cmex10' loaded for size
(Font)              <5> on input line 108.
<Firmas/Jaime.png, id=16, 132.495pt x 88.07906pt>
File: Firmas/Jaime.png Graphic file (type png)
<use Firmas/Jaime.png>
Package pdftex.def Info: Firmas/Jaime.png  used on input line 110.
(pdftex.def)             Requested size: 99.37099pt x 66.05911pt.
<Firmas/Alejandro.png, id=18, 94.85437pt x 95.6072pt>
File: Firmas/Alejandro.png Graphic file (type png)
<use Firmas/Alejandro.png>
Package pdftex.def Info: Firmas/Alejandro.png  used on input line 112.
(pdftex.def)             Requested size: 94.85413pt x 95.60695pt.
<Firmas/MiguelAngel.png, id=19, 170.88844pt x 91.84312pt>
File: Firmas/MiguelAngel.png Graphic file (type png)
<use Firmas/MiguelAngel.png>
Package pdftex.def Info: Firmas/MiguelAngel.png  used on input line 119.
(pdftex.def)             Requested size: 128.166pt x 68.88216pt.
<Firmas/Victor.png, id=20, 154.32657pt x 80.55093pt>
File: Firmas/Victor.png Graphic file (type png)
<use Firmas/Victor.png>
Package pdftex.def Info: Firmas/Victor.png  used on input line 121.
(pdftex.def)             Requested size: 115.74463pt x 60.41304pt.
<Firmas/Carlos.png, id=21, 115.93312pt x 82.80937pt>
File: Firmas/Carlos.png Graphic file (type png)
<use Firmas/Carlos.png>
Package pdftex.def Info: Firmas/Carlos.png  used on input line 127.
(pdftex.def)             Requested size: 86.94962pt x 62.10686pt.
<Firmas/Enrique.png, id=22, 114.4275pt x 103.88812pt>
File: Firmas/Enrique.png Graphic file (type png)
<use Firmas/Enrique.png>
Package pdftex.def Info: Firmas/Enrique.png  used on input line 129.
(pdftex.def)             Requested size: 85.8204pt x 77.9159pt.

[4

 <./Firmas/Jaime.png> <./Firmas/Alejandro.png> <./Firmas/MiguelAngel.png> <./Fi
rmas/Victor.png> <./Firmas/Carlos.png> <./Firmas/Enrique.png>]
(ActaFundacional.aux) ) 
Here is how much of TeX's memory you used:
 1226 strings out of 481199
 17943 string characters out of 2921439
 256706 words of memory out of 3000000
 16859 multiletter control sequences out of 15000+200000
 539112 words of font info for 42 fonts, out of 3000000 for 9000
 1141 hyphenation exceptions out of 8191
 36i,12n,33p,538b,292s stack positions out of 5000i,500n,10000p,200000b,50000s
 <C:\Users\enri8\AppData\Local\MiKTeX\fonts/pk/ljfour/jk
nappen/ec/dpi600\tcrm1000.pk><D:/MikText/fonts/type1/public/amsfonts/cm/cmbx10.
pfb><D:/MikText/fonts/type1/public/amsfonts/cm/cmr10.pfb><D:/MikText/fonts/type
1/public/amsfonts/cm/cmr17.pfb><D:/MikText/fonts/type1/public/amsfonts/cm/cmti1
0.pfb>
Output written on ActaFundacional.pdf (4 pages, 115551 bytes).
PDF statistics:
 49 PDF objects out of 1000 (max. 8388607)
 0 named destinations out of 1000 (max. 500000)
 31 words of extra memory for PDF output out of 10000 (max. 10000000)

